<?xml version="1.0" encoding="UTF-8"?>
<!-- Generated by org.testng.reporters.JUnitXMLReporter -->
<testsuite hostname="noak-PC" name="Default test" tests="5" failures="0" timestamp="26 Jul 2012 15:35:47 GMT" time="293.478" errors="0">
  <testcase name="testContextCommand" time="3.565" classname="test.cli.cloudify.CustomCommandsOnMultipleInstancesApplicationTest"/>
  <testcase name="testExceptionCommand" time="3.625" classname="test.cli.cloudify.CustomCommandsOnMultipleInstancesApplicationTest"/>
  <testcase name="testParamsCommand" time="3.428" classname="test.cli.cloudify.CustomCommandsOnMultipleInstancesApplicationTest"/>
  <testcase name="testPrintCommandOnApp" time="3.446" classname="test.cli.cloudify.CustomCommandsOnMultipleInstancesApplicationTest"/>
  <testcase name="testRunScriptCommand" time="8.006" classname="test.cli.cloudify.CustomCommandsOnMultipleInstancesApplicationTest"/>
</testsuite> <!-- Default test -->
